<?xml version="1.0" encoding="UTF-8"?>
<testsuite name="EmailDocumentAsPdfTest" failures="1" tests="16" time="9.39" errors="0">
  <properties/>
  <testcase name="verifyDetailsOfDocument" time="0.89" classname="k12.EmailDocumentAsPdfTest">
    <failure type="com.thoughtworks.selenium.SeleniumException" message="ERROR: Element //div[@class=&amp;apos;portlet _details&amp;apos;]/h2 not found">
      <![CDATA[com.thoughtworks.selenium.SeleniumException: ERROR: Element //div[@class='portlet _details']/h2 not found
	at com.thoughtworks.selenium.HttpCommandProcessor.throwAssertionFailureExceptionOrError(HttpCommandProcessor.java:97)
	at com.thoughtworks.selenium.HttpCommandProcessor.doCommand(HttpCommandProcessor.java:91)
	at com.thoughtworks.selenium.HttpCommandProcessor.getString(HttpCommandProcessor.java:262)
	at com.thoughtworks.selenium.DefaultSelenium.getText(DefaultSelenium.java:427)
	at webPageElements4Testing.TextLabel.getLabelText(TextLabel.java:13)
	at webPageContainers4Testing.EmailDocumentAsPdf.verifyDetailsOfDocumentLink(EmailDocumentAsPdf.java:29)
	at k12.EmailDocumentAsPdfTest.verifyDetailsOfDocument(EmailDocumentAsPdfTest.java:28)
... Removed 22 stack frames]]>
    </failure>
  </testcase>
  <testcase name="verifyEmailOption" time="0.0" classname="k12.EmailDocumentAsPdfTest">
    <skipped/>
  </testcase>
  <testcase name="verifyEmailOptionFromDisplayGroups" time="0.0" classname="k12.EmailDocumentAsPdfTest">
    <skipped/>
  </testcase>
  <testcase name="verifyModalWindowIsDisplayed" time="0.016" classname="k12.EmailDocumentAsPdfTest">
    <skipped/>
  </testcase>
  <testcase name="verifyModalWindowName" time="0.0" classname="k12.EmailDocumentAsPdfTest">
    <skipped/>
  </testcase>
  <testcase name="verifyButtons" time="0.0" classname="k12.EmailDocumentAsPdfTest">
    <skipped/>
  </testcase>
  <testcase name="verifyRadioButtonsIsPresent" time="0.0" classname="k12.EmailDocumentAsPdfTest">
    <skipped/>
  </testcase>
  <testcase name="verifyRadioButtonsAvailability" time="0.0" classname="k12.EmailDocumentAsPdfTest">
    <skipped/>
  </testcase>
  <testcase name="verifyFieldsProminance" time="0.0" classname="k12.EmailDocumentAsPdfTest">
    <skipped/>
  </testcase>
  <testcase name="verifyAllFieldsArePresent" time="0.0" classname="k12.EmailDocumentAsPdfTest">
    <skipped/>
  </testcase>
  <testcase name="verifyEmailNotDelivered" time="0.0" classname="k12.EmailDocumentAsPdfTest">
    <skipped/>
  </testcase>
  <testcase name="sendingMailWithInvalidMailAddress" time="0.0" classname="k12.EmailDocumentAsPdfTest">
    <skipped/>
  </testcase>
  <testcase name="verifyMaxCharacterLength" time="0.0" classname="k12.EmailDocumentAsPdfTest">
    <skipped/>
  </testcase>
  <testcase name="verifyEmailSentMessage" time="0.0" classname="k12.EmailDocumentAsPdfTest">
    <skipped/>
  </testcase>
  <testcase name="verifyEmailSentMessageForMoreSenders" time="0.0" classname="k12.EmailDocumentAsPdfTest">
    <skipped/>
  </testcase>
  <testcase name="verifyEmailWindowClosed" time="0.0" classname="k12.EmailDocumentAsPdfTest">
    <skipped/>
  </testcase>
</testsuite>
