<?xml version="1.0" encoding="UTF-8"?>
<testsuite name="EmailAttachments" failures="1" tests="3" time="11.062" errors="0">
  <properties/>
  <testcase name="verifyEmailOption" time="1.578" classname="k12.EmailAttachmentsTest">
    <failure type="com.thoughtworks.selenium.SeleniumException" message="ERROR: Element //a[@id=&amp;apos;email_link&amp;apos;] not found">
      <![CDATA[com.thoughtworks.selenium.SeleniumException: ERROR: Element //a[@id='email_link'] not found
	at com.thoughtworks.selenium.HttpCommandProcessor.throwAssertionFailureExceptionOrError(HttpCommandProcessor.java:97)
	at com.thoughtworks.selenium.HttpCommandProcessor.doCommand(HttpCommandProcessor.java:91)
	at com.thoughtworks.selenium.DefaultSelenium.click(DefaultSelenium.java:167)
	at webPageElements4Testing.Link.clickWithoutWait(Link.java:16)
	at webPageContainers4Testing.Email.verifyEmailOption(Email.java:20)
	at k12.EmailAttachmentsTest.verifyEmailOption(EmailAttachmentsTest.java:22)
... Removed 22 stack frames]]>
    </failure>
  </testcase>
  <testcase name="verifyPresenceOfRadioButtons" time="0.0" classname="k12.EmailAttachmentsTest">
    <skipped/>
  </testcase>
  <testcase name="verifyDefaultOptionForRadioButton" time="0.0" classname="k12.EmailAttachmentsTest">
    <skipped/>
  </testcase>
</testsuite>
