<html>
<head>
<title>TestNG:  IntegrateAcademicJournalsTest</title>
<link href="../testng.css" rel="stylesheet" type="text/css" />
<link href="../my-testng.css" rel="stylesheet" type="text/css" />

<style type="text/css">
.log { display: none;} 
.stack-trace { display: none;} 
</style>
<script type="text/javascript">
<!--
function flip(e) {
  current = e.style.display;
  if (current == 'block') {
    e.style.display = 'none';
    return 0;
  }
  else {
    e.style.display = 'block';
    return 1;
  }
}

function toggleBox(szDivId, elem, msg1, msg2)
{
  var res = -1;  if (document.getElementById) {
    res = flip(document.getElementById(szDivId));
  }
  else if (document.all) {
    // this is the way old msie versions work
    res = flip(document.all[szDivId]);
  }
  if(elem) {
    if(res == 0) elem.innerHTML = msg1; else elem.innerHTML = msg2;
  }

}

function toggleAllBoxes() {
  if (document.getElementsByTagName) {
    d = document.getElementsByTagName('div');
    for (i = 0; i < d.length; i++) {
      if (d[i].className == 'log') {
        flip(d[i]);
      }
    }
  }
}

// -->
</script>

</head>
<body>
<h2 align='center'>IntegrateAcademicJournalsTest</h2><table border='1' align="center">
<tr>
<td>Tests passed/Failed/Skipped:</td><td>7/1/2</td>
</tr><tr>
<td>Started on:</td><td>Fri Apr 16 15:41:45 IST 2010</td>
</tr>
<tr><td>Total time:</td><td>22 seconds (22061 ms)</td>
</tr><tr>
<td>Included groups:</td><td></td>
</tr><tr>
<td>Excluded groups:</td><td></td>
</tr>
</table><p/>
<small><i>(Hover the method name to see the test class name)</i></small><p/>
<table width='100%' border='1' class='invocation-failed'>
<tr><td colspan='4' align='center'><b>FAILED TESTS</b></td></tr>
<tr><td><b>Test method</b></td>
<td><b>Instance</b></td>
<td width="10%"><b>Time (seconds)</b></td>
<td width="30%"><b>Exception</b></td>
</tr>
<tr>
<td title='k12.IntegrateAcademicJournalsTest.verifyContentLinkIsWorking()'><b>verifyContentLinkIsWorking</b><br>Test class:IntegrateAcademicJournalsTest<br>Parameters: war</td>
<td>k12.IntegrateAcademicJournalsTest@1edd9b3</td><td>5</td>
<td><div><pre>com.thoughtworks.selenium.SeleniumException: ERROR: Element //div[@class='portlet _details']/h2 not found
	at com.thoughtworks.selenium.HttpCommandProcessor.throwAssertionFailureExceptionOrError(HttpCommandProcessor.java:97)
	at com.thoughtworks.selenium.HttpCommandProcessor.doCommand(HttpCommandProcessor.java:91)
	at com.thoughtworks.selenium.HttpCommandProcessor.getString(HttpCommandProcessor.java:262)
	at com.thoughtworks.selenium.DefaultSelenium.getText(DefaultSelenium.java:427)
	at webPageElements4Testing.TextLabel.getLabelText(TextLabel.java:13)
	at webPageContainers4Testing.IntegrateAcademicJournalsDisplayGroup.verifyContentLinkIsWorking(IntegrateAcademicJournalsDisplayGroup.java:145)
	at k12.IntegrateAcademicJournalsTest.verifyContentLinkIsWorking(IntegrateAcademicJournalsTest.java:68)
... Removed 22 stack frames</pre></div><a href='#' onClick='toggleBox("stack-trace12793227", this, "Click to show all stack frames", "Click to hide stack frames")'>Click to show all stack frames</a>
<div class='stack-trace' id='stack-trace12793227'><pre>com.thoughtworks.selenium.SeleniumException: ERROR: Element //div[@class='portlet _details']/h2 not found
	at com.thoughtworks.selenium.HttpCommandProcessor.throwAssertionFailureExceptionOrError(HttpCommandProcessor.java:97)
	at com.thoughtworks.selenium.HttpCommandProcessor.doCommand(HttpCommandProcessor.java:91)
	at com.thoughtworks.selenium.HttpCommandProcessor.getString(HttpCommandProcessor.java:262)
	at com.thoughtworks.selenium.DefaultSelenium.getText(DefaultSelenium.java:427)
	at webPageElements4Testing.TextLabel.getLabelText(TextLabel.java:13)
	at webPageContainers4Testing.IntegrateAcademicJournalsDisplayGroup.verifyContentLinkIsWorking(IntegrateAcademicJournalsDisplayGroup.java:145)
	at k12.IntegrateAcademicJournalsTest.verifyContentLinkIsWorking(IntegrateAcademicJournalsTest.java:68)
	at sun.reflect.NativeMethodAccessorImpl.invoke0(Native Method)
	at sun.reflect.NativeMethodAccessorImpl.invoke(NativeMethodAccessorImpl.java:39)
	at sun.reflect.DelegatingMethodAccessorImpl.invoke(DelegatingMethodAccessorImpl.java:25)
	at java.lang.reflect.Method.invoke(Method.java:597)
	at org.testng.internal.MethodHelper.invokeMethod(MethodHelper.java:644)
	at org.testng.internal.Invoker.invokeMethod(Invoker.java:546)
	at org.testng.internal.Invoker.invokeTestMethod(Invoker.java:700)
	at org.testng.internal.Invoker.invokeTestMethods(Invoker.java:1002)
	at org.testng.internal.TestMethodWorker.invokeTestMethods(TestMethodWorker.java:137)
	at org.testng.internal.TestMethodWorker.run(TestMethodWorker.java:121)
	at org.testng.TestRunner.runWorkers(TestRunner.java:908)
	at org.testng.TestRunner.privateRun(TestRunner.java:617)
	at org.testng.TestRunner.run(TestRunner.java:498)
	at org.testng.SuiteRunner.runTest(SuiteRunner.java:329)
	at org.testng.SuiteRunner.runSequentially(SuiteRunner.java:324)
	at org.testng.SuiteRunner.privateRun(SuiteRunner.java:296)
	at org.testng.SuiteRunner.run(SuiteRunner.java:201)
	at org.testng.TestNG.createAndRunSuiteRunners(TestNG.java:915)
	at org.testng.TestNG.runSuitesLocally(TestNG.java:879)
	at org.testng.TestNG.run(TestNG.java:787)
	at org.testng.remote.RemoteTestNG.run(RemoteTestNG.java:75)
	at org.testng.remote.RemoteTestNG.main(RemoteTestNG.java:127)
</pre></div></td>
</tr>
</table><p>
<table width='100%' border='1' class='invocation-passed'>
<tr><td colspan='4' align='center'><b>PASSED TESTS</b></td></tr>
<tr><td><b>Test method</b></td>
<td><b>Instance</b></td>
<td width="10%"><b>Time (seconds)</b></td>
<td width="30%"><b>Exception</b></td>
</tr>
<tr>
<td title='k12.IntegrateAcademicJournalsTest.checkJounalsDisplayedInDisplayGroup()'><b>checkJounalsDisplayedInDisplayGroup</b><br>Test class:IntegrateAcademicJournalsTest</td>
<td>k12.IntegrateAcademicJournalsTest@1edd9b3</td><td>0</td>
<td></td>
</tr>
<tr>
<td title='k12.IntegrateAcademicJournalsTest.verifyCountIsDisplayed()'><b>verifyCountIsDisplayed</b><br>Test class:IntegrateAcademicJournalsTest</td>
<td>k12.IntegrateAcademicJournalsTest@1edd9b3</td><td>0</td>
<td></td>
</tr>
<tr>
<td title='k12.IntegrateAcademicJournalsTest.verifyGroupNameIsDisplayedInCaps()'><b>verifyGroupNameIsDisplayedInCaps</b><br>Test class:IntegrateAcademicJournalsTest</td>
<td>k12.IntegrateAcademicJournalsTest@1edd9b3</td><td>0</td>
<td></td>
</tr>
<tr>
<td title='k12.IntegrateAcademicJournalsTest.verifyPublicationDetailsPresent()'><b>verifyPublicationDetailsPresent</b><br>Test class:IntegrateAcademicJournalsTest</td>
<td>k12.IntegrateAcademicJournalsTest@1edd9b3</td><td>0</td>
<td></td>
</tr>
<tr>
<td title='k12.IntegrateAcademicJournalsTest.verifyViewAllIsAccessible()'><b>verifyViewAllIsAccessible</b><br>Test class:IntegrateAcademicJournalsTest</td>
<td>k12.IntegrateAcademicJournalsTest@1edd9b3</td><td>5</td>
<td></td>
</tr>
<tr>
<td title='k12.IntegrateAcademicJournalsTest.verifyViewAllIsDisplayed()'><b>verifyViewAllIsDisplayed</b><br>Test class:IntegrateAcademicJournalsTest</td>
<td>k12.IntegrateAcademicJournalsTest@1edd9b3</td><td>0</td>
<td></td>
</tr>
<tr>
<td title='k12.IntegrateAcademicJournalsTest.verifyViewAllIsNotDisplayed()'><b>verifyViewAllIsNotDisplayed</b><br>Test class:IntegrateAcademicJournalsTest</td>
<td>k12.IntegrateAcademicJournalsTest@1edd9b3</td><td>0</td>
<td></td>
</tr>
</table><p>
<table width='100%' border='1' class='invocation-skipped'>
<tr><td colspan='4' align='center'><b>SKIPPED TESTS</b></td></tr>
<tr><td><b>Test method</b></td>
<td><b>Instance</b></td>
<td width="10%"><b>Time (seconds)</b></td>
<td width="30%"><b>Exception</b></td>
</tr>
<tr>
<td title='k12.IntegrateAcademicJournalsTest.verifyAcademicJournalCanBeMarked()'><b>verifyAcademicJournalCanBeMarked</b><br>Test class:IntegrateAcademicJournalsTest</td>
<td>null</td><td>0</td>
<td></td>
</tr>
<tr>
<td title='k12.IntegrateAcademicJournalsTest.verifyAfterClickingAcademicJournalsLink()'><b>verifyAfterClickingAcademicJournalsLink</b><br>Test class:IntegrateAcademicJournalsTest</td>
<td>null</td><td>0</td>
<td></td>
</tr>
</table><p>
</body>
</html>