<?xml version="1.0" encoding="UTF-8"?>
<testsuite name="Maximum document title 30 characters" failures="1" tests="8" time="18.595" errors="0">
  <properties/>
  <testcase name="verifyElipsesDisplayedInSearchResultsPage" time="5.813" classname="k12.DocumentTitleMaximumLengthTest">
    <failure type="com.thoughtworks.selenium.SeleniumException" message="ERROR: Element //div[@class=&amp;apos;portlet _details&amp;apos;]/h2 not found">
      <![CDATA[com.thoughtworks.selenium.SeleniumException: ERROR: Element //div[@class='portlet _details']/h2 not found
	at com.thoughtworks.selenium.HttpCommandProcessor.throwAssertionFailureExceptionOrError(HttpCommandProcessor.java:97)
	at com.thoughtworks.selenium.HttpCommandProcessor.doCommand(HttpCommandProcessor.java:91)
	at com.thoughtworks.selenium.HttpCommandProcessor.getString(HttpCommandProcessor.java:262)
	at com.thoughtworks.selenium.DefaultSelenium.getText(DefaultSelenium.java:427)
	at webPageElements4Testing.TextLabel.getLabelText(TextLabel.java:13)
	at webPageContainers4Testing.DocumentTitleMaximumLength.getDocumentTitleInDetailedPage(DocumentTitleMaximumLength.java:31)
	at webPageContainers4Testing.DocumentTitleMaximumLength.verifyElipsesDisplayedInSearchResultsPage(DocumentTitleMaximumLength.java:19)
	at k12.DocumentTitleMaximumLengthTest.verifyElipsesDisplayedInSearchResultsPage(DocumentTitleMaximumLengthTest.java:22)
... Removed 22 stack frames]]>
    </failure>
  </testcase>
  <testcase name="verifyDetailedPageDocTitleFromSearchResultsPage" time="0.0" classname="k12.DocumentTitleMaximumLengthTest">
    <skipped/>
  </testcase>
  <testcase name="verifyDocumentTitlesLengthInViewAllPage" time="0.0" classname="k12.DocumentTitleMaximumLengthTest">
    <skipped/>
  </testcase>
  <testcase name="verifyElipsesDisplayedInViewAllPage" time="0.0" classname="k12.DocumentTitleMaximumLengthTest">
    <skipped/>
  </testcase>
  <testcase name="verifyDetailedPageDocTitleFromViewAllPage" time="0.0" classname="k12.DocumentTitleMaximumLengthTest">
    <skipped/>
  </testcase>
  <testcase name="verifyNoElipsesAreDisplayedInDetailedPage" time="0.0" classname="k12.DocumentTitleMaximumLengthTest">
    <skipped/>
  </testcase>
  <testcase name="verifyDocTitleLengthForAllBuckets" time="0.0" classname="k12.DocumentTitleMaximumLengthTest">
    <skipped/>
  </testcase>
  <testcase name="verifyDocumentTitlesLessThanMaxlengthAreAccessible" time="0.0" classname="k12.DocumentTitleMaximumLengthTest">
    <skipped/>
  </testcase>
</testsuite>
