<?xml version="1.0" encoding="UTF-8"?>
<testsuite name="ViewVideoDetails" failures="1" tests="7" time="7.812" errors="0">
  <properties/>
  <testcase name="verifyDetailedViewOfVideoIsDisplayed" time="0.25" classname="k12.ViewVideoDetailsTest">
    <failure type="com.thoughtworks.selenium.SeleniumException" message="ERROR: Element //div[@id=&amp;apos;videos&amp;apos;]/div[@id=&amp;apos;media_jbpns_2fdefault_2fsearchResults_2fVideosListWindowsnpbj&amp;apos;]/ul/li[1]/h3/a not found">
      <![CDATA[com.thoughtworks.selenium.SeleniumException: ERROR: Element //div[@id='videos']/div[@id='media_jbpns_2fdefault_2fsearchResults_2fVideosListWindowsnpbj']/ul/li[1]/h3/a not found
	at com.thoughtworks.selenium.HttpCommandProcessor.throwAssertionFailureExceptionOrError(HttpCommandProcessor.java:97)
	at com.thoughtworks.selenium.HttpCommandProcessor.doCommand(HttpCommandProcessor.java:91)
	at com.thoughtworks.selenium.HttpCommandProcessor.getString(HttpCommandProcessor.java:262)
	at com.thoughtworks.selenium.DefaultSelenium.getText(DefaultSelenium.java:427)
	at webPageElements4Testing.TextLabel.getLabelText(TextLabel.java:13)
	at webPageContainers4Testing.ViewVideoDetails.verifyDetailedViewOfVideoIsDisplayed(ViewVideoDetails.java:23)
	at k12.ViewVideoDetailsTest.verifyDetailedViewOfVideoIsDisplayed(ViewVideoDetailsTest.java:23)
... Removed 22 stack frames]]>
    </failure>
  </testcase>
  <testcase name="checkSearchButtonIsPresent" time="0.0" classname="k12.ViewVideoDetailsTest">
    <skipped/>
  </testcase>
  <testcase name="checkVideoIsDisplayedOnLeftSide" time="0.0" classname="k12.ViewVideoDetailsTest">
    <skipped/>
  </testcase>
  <testcase name="verifyNextAndPreviousButtonsPresent" time="0.0" classname="k12.ViewVideoDetailsTest">
    <skipped/>
  </testcase>
  <testcase name="verifyNavigationOfPreviousNextButtons" time="0.0" classname="k12.ViewVideoDetailsTest">
    <skipped/>
  </testcase>
  <testcase name="ensureMarkOptionIsAvailable" time="0.0" classname="k12.ViewVideoDetailsTest">
    <skipped/>
  </testcase>
  <testcase name="verifyAfterMarkingVideo" time="0.0" classname="k12.ViewVideoDetailsTest">
    <skipped/>
  </testcase>
</testsuite>
