<testng-results>
  <reporter-output>
  </reporter-output>
  <suite name="Cengage">
    <groups>
    </groups>
    <test name="IntegrateRelatedTopicsPortletTest">
      <class name="k12.IntegrateRelatedTopicsPortletTest">
        <test-method status="PASS" signature="startBrowserSession()" name="startBrowserSession" is-config="true" duration-ms="5556" started-at="2010-04-29T16:37:02Z" finished-at="2010-04-29T16:37:08Z">
        </test-method>
        <test-method status="PASS" signature="setUp(java.lang.String)" name="setUp" is-config="true" duration-ms="7446" started-at="2010-04-29T16:37:08Z" depends-on-methods="k12.BaseWebPageTest.startBrowserSession" finished-at="2010-04-29T16:37:15Z">
          <params>
            <param index="0">
              <value>
                <![CDATA[adoption]]>
              </value>
            </param>
          </params>
        </test-method>
        <test-method status="PASS" signature="verifyTopicsAssociatedIsDisplayed(java.lang.String)" name="verifyTopicsAssociatedIsDisplayed" duration-ms="7960" started-at="2010-04-29T16:37:15Z" finished-at="2010-04-29T16:37:23Z">
          <params>
            <param index="0">
              <value>
                <![CDATA[adoption]]>
              </value>
            </param>
          </params>
        </test-method>
        <test-method status="PASS" signature="verifyOtherPortletPresent(java.lang.String)" name="verifyOtherPortletPresent" duration-ms="9225" started-at="2010-04-29T16:37:23Z" depends-on-methods="k12.IntegrateRelatedTopicsPortletTest.verifyTopicsAssociatedIsDisplayed" finished-at="2010-04-29T16:37:33Z">
          <params>
            <param index="0">
              <value>
                <![CDATA[adoption]]>
              </value>
            </param>
          </params>
        </test-method>
        <test-method status="PASS" signature="verifyViewAllPresentForOtherBuckets(java.lang.String)" name="verifyViewAllPresentForOtherBuckets" duration-ms="8054" started-at="2010-04-29T16:37:33Z" depends-on-methods="k12.IntegrateRelatedTopicsPortletTest.verifyOtherPortletPresent" finished-at="2010-04-29T16:37:41Z">
          <params>
            <param index="0">
              <value>
                <![CDATA[adoption]]>
              </value>
            </param>
          </params>
        </test-method>
        <test-method status="PASS" signature="verifyClickingTopicsInPortlet(java.lang.String)" name="verifyClickingTopicsInPortlet" duration-ms="12424" started-at="2010-04-29T16:37:41Z" depends-on-methods="k12.IntegrateRelatedTopicsPortletTest.verifyViewAllPresentForOtherBuckets" finished-at="2010-04-29T16:37:53Z">
          <params>
            <param index="0">
              <value>
                <![CDATA[adoption]]>
              </value>
            </param>
          </params>
        </test-method>
        <test-method status="PASS" signature="verifyDetailedOverviewIsPresent(java.lang.String)" name="verifyDetailedOverviewIsPresent" duration-ms="12378" started-at="2010-04-29T16:37:53Z" depends-on-methods="k12.IntegrateRelatedTopicsPortletTest.verifyClickingTopicsInPortlet" finished-at="2010-04-29T16:38:06Z">
          <params>
            <param index="0">
              <value>
                <![CDATA[adoption]]>
              </value>
            </param>
          </params>
        </test-method>
        <test-method status="PASS" signature="verifyOtherBucketsalongWithDetailedOverview(java.lang.String)" name="verifyOtherBucketsalongWithDetailedOverview" duration-ms="10785" started-at="2010-04-29T16:38:06Z" depends-on-methods="k12.IntegrateRelatedTopicsPortletTest.verifyClickingTopicsInPortlet" finished-at="2010-04-29T16:38:16Z">
          <params>
            <param index="0">
              <value>
                <![CDATA[adoption]]>
              </value>
            </param>
          </params>
        </test-method>
        <test-method status="PASS" signature="verifyTopicsPortletNotPresentInOtherPages(java.lang.String)" name="verifyTopicsPortletNotPresentInOtherPages" duration-ms="16109" started-at="2010-04-29T16:38:16Z" depends-on-methods="k12.IntegrateRelatedTopicsPortletTest.verifyClickingTopicsInPortlet" finished-at="2010-04-29T16:38:32Z">
          <params>
            <param index="0">
              <value>
                <![CDATA[adoption]]>
              </value>
            </param>
          </params>
        </test-method>
      </class>
    </test>
    <test name="ViewTopicPortalPageOverviewPortletTest">
      <class name="k12.ViewTopicPortalPageOverviewPortletTest">
        <test-method status="PASS" signature="startBrowserSession()" name="startBrowserSession" is-config="true" duration-ms="5291" started-at="2010-04-29T16:41:35Z" finished-at="2010-04-29T16:41:40Z">
        </test-method>
        <test-method status="PASS" signature="setUp(java.lang.String)" name="setUp" is-config="true" duration-ms="7882" started-at="2010-04-29T16:41:40Z" depends-on-methods="k12.BaseWebPageTest.startBrowserSession" finished-at="2010-04-29T16:41:48Z">
          <params>
            <param index="0">
              <value>
                <![CDATA[adoption]]>
              </value>
            </param>
          </params>
        </test-method>
        <test-method status="PASS" signature="verifyNavigationByclickingoOnTopics(java.lang.String)" name="verifyNavigationByclickingoOnTopics" duration-ms="11909" started-at="2010-04-29T16:41:48Z" finished-at="2010-04-29T16:42:00Z">
          <params>
            <param index="0">
              <value>
                <![CDATA[adoption]]>
              </value>
            </param>
          </params>
        </test-method>
        <test-method status="PASS" signature="verifyOverviewTextWithDocumentText(java.lang.String)" name="verifyOverviewTextWithDocumentText" duration-ms="18667" started-at="2010-04-29T16:42:00Z" depends-on-methods="k12.ViewTopicPortalPageOverviewPortletTest.verifyNavigationByclickingoOnTopics" finished-at="2010-04-29T16:42:19Z">
          <params>
            <param index="0">
              <value>
                <![CDATA[adoption]]>
              </value>
            </param>
          </params>
        </test-method>
        <test-method status="PASS" signature="verifyOverviewDisplayed(java.lang.String)" name="verifyOverviewDisplayed" duration-ms="10614" started-at="2010-04-29T16:42:19Z" depends-on-methods="k12.ViewTopicPortalPageOverviewPortletTest.verifyOverviewTextWithDocumentText" finished-at="2010-04-29T16:42:29Z">
          <params>
            <param index="0">
              <value>
                <![CDATA[adoption]]>
              </value>
            </param>
          </params>
        </test-method>
        <test-method status="PASS" signature="verifyElipsisPresent(java.lang.String)" name="verifyElipsisPresent" duration-ms="10457" started-at="2010-04-29T16:42:29Z" depends-on-methods="k12.ViewTopicPortalPageOverviewPortletTest.verifyOverviewDisplayed" finished-at="2010-04-29T16:42:40Z">
          <params>
            <param index="0">
              <value>
                <![CDATA[adoption]]>
              </value>
            </param>
          </params>
        </test-method>
        <test-method status="PASS" signature="verifyViewMoreOptionAvailable(java.lang.String)" name="verifyViewMoreOptionAvailable" duration-ms="10504" started-at="2010-04-29T16:42:40Z" depends-on-methods="k12.ViewTopicPortalPageOverviewPortletTest.verifyElipsisPresent" finished-at="2010-04-29T16:42:50Z">
          <params>
            <param index="0">
              <value>
                <![CDATA[adoption]]>
              </value>
            </param>
          </params>
        </test-method>
        <test-method status="PASS" signature="verifyNavigationByclickingViewMore(java.lang.String)" name="verifyNavigationByclickingViewMore" duration-ms="19526" started-at="2010-04-29T16:42:50Z" depends-on-methods="k12.ViewTopicPortalPageOverviewPortletTest.verifyViewMoreOptionAvailable" finished-at="2010-04-29T16:43:10Z">
          <params>
            <param index="0">
              <value>
                <![CDATA[adoption]]>
              </value>
            </param>
          </params>
        </test-method>
        <test-method status="PASS" signature="verifyOverviewTextWithDetailedPageText(java.lang.String)" name="verifyOverviewTextWithDetailedPageText" duration-ms="19495" started-at="2010-04-29T16:43:10Z" depends-on-methods="k12.ViewTopicPortalPageOverviewPortletTest.verifyNavigationByclickingViewMore" finished-at="2010-04-29T16:43:29Z">
          <params>
            <param index="0">
              <value>
                <![CDATA[adoption]]>
              </value>
            </param>
          </params>
        </test-method>
        <test-method status="PASS" signature="verifyBreadCrumb(java.lang.String)" name="verifyBreadCrumb" duration-ms="32902" started-at="2010-04-29T16:43:29Z" depends-on-methods="k12.ViewTopicPortalPageOverviewPortletTest.verifyOverviewTextWithDetailedPageText" finished-at="2010-04-29T16:44:02Z">
          <params>
            <param index="0">
              <value>
                <![CDATA[adoption]]>
              </value>
            </param>
          </params>
        </test-method>
        <test-method status="PASS" signature="verifyToolsAvailableInDetailPage(java.lang.String)" name="verifyToolsAvailableInDetailPage" duration-ms="14734" started-at="2010-04-29T16:44:02Z" depends-on-methods="k12.ViewTopicPortalPageOverviewPortletTest.verifyBreadCrumb" finished-at="2010-04-29T16:44:17Z">
          <params>
            <param index="0">
              <value>
                <![CDATA[adoption]]>
              </value>
            </param>
          </params>
        </test-method>
      </class>
    </test>
    <test name="ShareBookmarkWithSocialNetworkingSiteTest">
      <class name="k12.ShareBookmarkWithSocialNetworkingSiteTest">
        <test-method status="PASS" signature="startBrowserSession()" name="startBrowserSession" is-config="true" duration-ms="5324" started-at="2010-04-29T16:29:46Z" finished-at="2010-04-29T16:29:51Z">
        </test-method>
        <test-method status="PASS" signature="setUp(java.lang.String)" name="setUp" is-config="true" duration-ms="7930" started-at="2010-04-29T16:29:51Z" depends-on-methods="k12.BaseWebPageTest.startBrowserSession" finished-at="2010-04-29T16:29:59Z">
          <params>
            <param index="0">
              <value>
                <![CDATA[war]]>
              </value>
            </param>
          </params>
        </test-method>
        <test-method status="PASS" signature="verifyShareToolAvailableInDetailPage(java.lang.String)" name="verifyShareToolAvailableInDetailPage" duration-ms="12738" started-at="2010-04-29T16:29:59Z" finished-at="2010-04-29T16:30:12Z">
          <params>
            <param index="0">
              <value>
                <![CDATA[war]]>
              </value>
            </param>
          </params>
        </test-method>
        <test-method status="PASS" signature="verifyMouseOverShareOption(java.lang.String)" name="verifyMouseOverShareOption" duration-ms="15189" started-at="2010-04-29T16:30:12Z" depends-on-methods="k12.ShareBookmarkWithSocialNetworkingSiteTest.verifyShareToolAvailableInDetailPage" finished-at="2010-04-29T16:30:27Z">
          <params>
            <param index="0">
              <value>
                <![CDATA[war]]>
              </value>
            </param>
          </params>
        </test-method>
        <test-method status="FAIL" signature="verifyContentIsSharedInNetwork(java.lang.String)" name="verifyContentIsSharedInNetwork" duration-ms="68858" started-at="2010-04-29T16:30:27Z" depends-on-methods="k12.ShareBookmarkWithSocialNetworkingSiteTest.verifyMouseOverShareOption" finished-at="2010-04-29T16:31:36Z">
          <params>
            <param index="0">
              <value>
                <![CDATA[war]]>
              </value>
            </param>
          </params>
          <exception class="com.thoughtworks.selenium.SeleniumException">
            <message>
              <![CDATA[Timed out after 30000ms]]>
            </message>
            <full-stacktrace>
              <![CDATA[com.thoughtworks.selenium.SeleniumException: Timed out after 30000ms
	at com.thoughtworks.selenium.HttpCommandProcessor.throwAssertionFailureExceptionOrError(HttpCommandProcessor.java:97)
	at com.thoughtworks.selenium.HttpCommandProcessor.doCommand(HttpCommandProcessor.java:91)
	at com.thoughtworks.selenium.DefaultSelenium.waitForPopUp(DefaultSelenium.java:359)
	at webPageElements4Testing.Url.waitForPopup(Url.java:26)
	at webPageContainers4Testing.ShareBookmarkWithSocialNetworkingSite.verifyContentIsSharedInNetwork(ShareBookmarkWithSocialNetworkingSite.java:43)
	at k12.ShareBookmarkWithSocialNetworkingSiteTest.verifyContentIsSharedInNetwork(ShareBookmarkWithSocialNetworkingSiteTest.java:45)
	at sun.reflect.NativeMethodAccessorImpl.invoke0(Native Method)
	at sun.reflect.NativeMethodAccessorImpl.invoke(NativeMethodAccessorImpl.java:39)
	at sun.reflect.DelegatingMethodAccessorImpl.invoke(DelegatingMethodAccessorImpl.java:25)
	at java.lang.reflect.Method.invoke(Method.java:597)
	at org.testng.internal.MethodHelper.invokeMethod(MethodHelper.java:644)
	at org.testng.internal.Invoker.invokeMethod(Invoker.java:546)
	at org.testng.internal.Invoker.invokeTestMethod(Invoker.java:700)
	at org.testng.internal.Invoker.invokeTestMethods(Invoker.java:1002)
	at org.testng.internal.TestMethodWorker.invokeTestMethods(TestMethodWorker.java:137)
	at org.testng.internal.TestMethodWorker.run(TestMethodWorker.java:121)
	at org.testng.TestRunner.runWorkers(TestRunner.java:908)
	at org.testng.TestRunner.privateRun(TestRunner.java:617)
	at org.testng.TestRunner.run(TestRunner.java:498)
	at org.testng.SuiteRunner.runTest(SuiteRunner.java:329)
	at org.testng.SuiteRunner.runSequentially(SuiteRunner.java:324)
	at org.testng.SuiteRunner.privateRun(SuiteRunner.java:296)
	at org.testng.SuiteRunner.run(SuiteRunner.java:201)
	at org.testng.TestNG.createAndRunSuiteRunners(TestNG.java:915)
	at org.testng.TestNG.runSuitesLocally(TestNG.java:879)
	at org.testng.TestNG.run(TestNG.java:787)
	at org.testng.remote.RemoteTestNG.run(RemoteTestNG.java:75)
	at org.testng.remote.RemoteTestNG.main(RemoteTestNG.java:127)
]]>
            </full-stacktrace>
          </exception>
        </test-method>
        <test-method status="SKIP" signature="verifyNoSearchTermFound(java.lang.String)" name="verifyNoSearchTermFound" duration-ms="0" started-at="2010-04-29T16:31:36Z" depends-on-methods="k12.ShareBookmarkWithSocialNetworkingSiteTest.verifyUserAbleToSearch" finished-at="2010-04-29T16:31:36Z">
        </test-method>
        <test-method status="SKIP" signature="verifyUserAbleToSearch(java.lang.String)" name="verifyUserAbleToSearch" duration-ms="0" started-at="2010-04-29T16:31:36Z" depends-on-methods="k12.ShareBookmarkWithSocialNetworkingSiteTest.verifyMoreAndCloseOptionsInPopup" finished-at="2010-04-29T16:31:36Z">
        </test-method>
        <test-method status="SKIP" signature="verifyMoreAndCloseOptionsInPopup(java.lang.String)" name="verifyMoreAndCloseOptionsInPopup" duration-ms="0" started-at="2010-04-29T16:31:36Z" depends-on-methods="k12.ShareBookmarkWithSocialNetworkingSiteTest.verifyContentIsSharedInNetwork" finished-at="2010-04-29T16:31:36Z">
        </test-method>
        <test-method status="SKIP" signature="verifyEmptyFieldForNextSearch(java.lang.String)" name="verifyEmptyFieldForNextSearch" duration-ms="0" started-at="2010-04-29T16:31:36Z" depends-on-methods="k12.ShareBookmarkWithSocialNetworkingSiteTest.verifyNoSearchTermFound" finished-at="2010-04-29T16:31:36Z">
        </test-method>
      </class>
    </test>
    <test name="PortalPageSuggestionsOnSearchResultsPageTest">
      <class name="k12.PortalPageSuggestionsOnSearchResultsPageTest">
        <test-method status="PASS" signature="startBrowserSession()" name="startBrowserSession" is-config="true" duration-ms="5026" started-at="2010-04-29T16:40:54Z" finished-at="2010-04-29T16:40:59Z">
        </test-method>
        <test-method status="PASS" signature="setUp()" name="setUp" is-config="true" duration-ms="62" started-at="2010-04-29T16:40:59Z" depends-on-methods="k12.BaseWebPageTest.startBrowserSession" finished-at="2010-04-29T16:40:59Z">
        </test-method>
        <test-method status="PASS" signature="verifyTopicsPortletAvailable(java.lang.String)" name="verifyTopicsPortletAvailable" duration-ms="6899" started-at="2010-04-29T16:40:59Z" finished-at="2010-04-29T16:41:06Z">
          <params>
            <param index="0">
              <value>
                <![CDATA[adoption]]>
              </value>
            </param>
          </params>
        </test-method>
        <test-method status="PASS" signature="verifyTopicsPortletForInvalidKeyword(java.lang.String)" name="verifyTopicsPortletForInvalidKeyword" duration-ms="7913" started-at="2010-04-29T16:41:06Z" depends-on-methods="k12.PortalPageSuggestionsOnSearchResultsPageTest.verifyTopicsPortletAvailable" finished-at="2010-04-29T16:41:14Z">
          <params>
            <param index="0">
              <value>
                <![CDATA[war]]>
              </value>
            </param>
          </params>
        </test-method>
        <test-method status="PASS" signature="verifyTopicPortalalongWithOtherBuckets(java.lang.String)" name="verifyTopicPortalalongWithOtherBuckets" duration-ms="7882" started-at="2010-04-29T16:41:14Z" depends-on-methods="k12.PortalPageSuggestionsOnSearchResultsPageTest.verifyTopicsPortletForInvalidKeyword" finished-at="2010-04-29T16:41:22Z">
          <params>
            <param index="0">
              <value>
                <![CDATA[adoption]]>
              </value>
            </param>
          </params>
        </test-method>
        <test-method status="PASS" signature="verifyTopicsAreHyperlinked(java.lang.String)" name="verifyTopicsAreHyperlinked" duration-ms="6680" started-at="2010-04-29T16:41:22Z" depends-on-methods="k12.PortalPageSuggestionsOnSearchResultsPageTest.verifyTopicPortalalongWithOtherBuckets" finished-at="2010-04-29T16:41:28Z">
          <params>
            <param index="0">
              <value>
                <![CDATA[adoption]]>
              </value>
            </param>
          </params>
        </test-method>
        <test-method status="PASS" signature="verifySearchResultsStatementIsDisplayed(java.lang.String)" name="verifySearchResultsStatementIsDisplayed" duration-ms="6618" started-at="2010-04-29T16:41:28Z" depends-on-methods="k12.PortalPageSuggestionsOnSearchResultsPageTest.verifyTopicsAreHyperlinked" finished-at="2010-04-29T16:41:35Z">
          <params>
            <param index="0">
              <value>
                <![CDATA[adoption]]>
              </value>
            </param>
          </params>
        </test-method>
      </class>
    </test>
    <test name="TranslateDesclaimerTest">
      <class name="k12.TranslateDesclaimerTest">
        <test-method status="PASS" signature="start()" name="start" is-config="true" duration-ms="31" started-at="2010-04-29T16:28:11Z" finished-at="2010-04-29T16:28:12Z">
        </test-method>
        <test-method status="PASS" signature="startBrowserSession()" name="startBrowserSession" is-config="true" duration-ms="36339" started-at="2010-04-29T17:14:45Z" finished-at="2010-04-29T17:15:21Z">
        </test-method>
        <test-method status="FAIL" signature="setUp(java.lang.String)" name="setUp" is-config="true" duration-ms="0" started-at="2010-04-29T17:15:21Z" depends-on-methods="k12.BaseWebPageTest.startBrowserSession" finished-at="2010-04-29T17:15:21Z">
          <params>
            <param index="0">
              <value>
                <![CDATA[war]]>
              </value>
            </param>
          </params>
          <exception class="com.thoughtworks.selenium.SeleniumException">
            <message>
              <![CDATA[ERROR: Element //input[@name='search_input'] not found]]>
            </message>
            <full-stacktrace>
              <![CDATA[com.thoughtworks.selenium.SeleniumException: ERROR: Element //input[@name='search_input'] not found
	at com.thoughtworks.selenium.HttpCommandProcessor.throwAssertionFailureExceptionOrError(HttpCommandProcessor.java:97)
	at com.thoughtworks.selenium.HttpCommandProcessor.doCommand(HttpCommandProcessor.java:91)
	at com.thoughtworks.selenium.DefaultSelenium.type(DefaultSelenium.java:291)
	at webPageElements4Testing.TextBox.type(TextBox.java:11)
	at k12.BaseWebPageTest.doBasicSearchUsingSearchTerm(BaseWebPageTest.java:53)
	at k12.TranslateDesclaimerTest.setUp(TranslateDesclaimerTest.java:19)
	at sun.reflect.NativeMethodAccessorImpl.invoke0(Native Method)
	at sun.reflect.NativeMethodAccessorImpl.invoke(NativeMethodAccessorImpl.java:39)
	at sun.reflect.DelegatingMethodAccessorImpl.invoke(DelegatingMethodAccessorImpl.java:25)
	at java.lang.reflect.Method.invoke(Method.java:597)
	at org.testng.internal.MethodHelper.invokeMethod(MethodHelper.java:644)
	at org.testng.internal.Invoker.invokeConfigurationMethod(Invoker.java:443)
	at org.testng.internal.Invoker.invokeConfigurations(Invoker.java:160)
	at org.testng.internal.Invoker.invokeConfigurations(Invoker.java:90)
	at org.testng.TestRunner.beforeRun(TestRunner.java:522)
	at org.testng.TestRunner.run(TestRunner.java:490)
	at org.testng.SuiteRunner.runTest(SuiteRunner.java:329)
	at org.testng.SuiteRunner.runSequentially(SuiteRunner.java:324)
	at org.testng.SuiteRunner.privateRun(SuiteRunner.java:296)
	at org.testng.SuiteRunner.run(SuiteRunner.java:201)
	at org.testng.TestNG.createAndRunSuiteRunners(TestNG.java:915)
	at org.testng.TestNG.runSuitesLocally(TestNG.java:879)
	at org.testng.TestNG.run(TestNG.java:787)
	at org.testng.remote.RemoteTestNG.run(RemoteTestNG.java:75)
	at org.testng.remote.RemoteTestNG.main(RemoteTestNG.java:127)
]]>
            </full-stacktrace>
          </exception>
        </test-method>
        <test-method status="SKIP" signature="verifyTranslateOptionAvailable(java.lang.String)" name="verifyTranslateOptionAvailable" duration-ms="0" started-at="2010-04-29T17:15:22Z" finished-at="2010-04-29T17:15:22Z">
          <params>
            <param index="0">
              <value>
                <![CDATA[war]]>
              </value>
            </param>
          </params>
        </test-method>
        <test-method status="SKIP" signature="verifyNewWindowOpening(java.lang.String)" name="verifyNewWindowOpening" duration-ms="0" started-at="2010-04-29T17:15:22Z" depends-on-methods="k12.TranslateDesclaimerTest.verifyTranslateOptionAvailable" finished-at="2010-04-29T17:15:22Z">
        </test-method>
        <test-method status="SKIP" signature="verifyDisclaimerIsLink(java.lang.String)" name="verifyDisclaimerIsLink" duration-ms="0" started-at="2010-04-29T17:15:22Z" depends-on-methods="k12.TranslateDesclaimerTest.verifyNewWindowOpening" finished-at="2010-04-29T17:15:22Z">
        </test-method>
        <test-method status="SKIP" signature="verifyDisclaiamerLanguageIsEnglish(java.lang.String)" name="verifyDisclaiamerLanguageIsEnglish" duration-ms="0" started-at="2010-04-29T17:15:22Z" depends-on-methods="k12.TranslateDesclaimerTest.verifyDisclaimerOnTopOfWindow" finished-at="2010-04-29T17:15:22Z">
        </test-method>
        <test-method status="SKIP" signature="verifyDisclaimerOnTopOfWindow(java.lang.String)" name="verifyDisclaimerOnTopOfWindow" duration-ms="0" started-at="2010-04-29T17:15:22Z" depends-on-methods="k12.TranslateDesclaimerTest.verifyDisclaimerIsLink" finished-at="2010-04-29T17:15:22Z">
        </test-method>
        <test-method status="FAIL" signature="tearDown()" name="tearDown" is-config="true" duration-ms="0" started-at="2010-04-29T17:15:22Z" finished-at="2010-04-29T17:15:22Z">
          <exception class="com.thoughtworks.selenium.SeleniumException">
            <message>
              <![CDATA[ERROR: Command execution failure. Please search the forum at http://clearspace.openqa.org for error details from the log window.  The error message is: Unspecified error.]]>
            </message>
            <full-stacktrace>
              <![CDATA[com.thoughtworks.selenium.SeleniumException: ERROR: Command execution failure. Please search the forum at http://clearspace.openqa.org for error details from the log window.  The error message is: Unspecified error.
	at com.thoughtworks.selenium.HttpCommandProcessor.throwAssertionFailureExceptionOrError(HttpCommandProcessor.java:97)
	at com.thoughtworks.selenium.HttpCommandProcessor.doCommand(HttpCommandProcessor.java:91)
	at com.thoughtworks.selenium.DefaultSelenium.deleteAllVisibleCookies(DefaultSelenium.java:655)
	at util.SeleniumSingletonFactory.stopEverything(SeleniumSingletonFactory.java:35)
	at k12.BaseWebPageTest.tearDown(BaseWebPageTest.java:82)
	at sun.reflect.NativeMethodAccessorImpl.invoke0(Native Method)
	at sun.reflect.NativeMethodAccessorImpl.invoke(NativeMethodAccessorImpl.java:39)
	at sun.reflect.DelegatingMethodAccessorImpl.invoke(DelegatingMethodAccessorImpl.java:25)
	at java.lang.reflect.Method.invoke(Method.java:597)
	at org.testng.internal.MethodHelper.invokeMethod(MethodHelper.java:644)
	at org.testng.internal.Invoker.invokeConfigurationMethod(Invoker.java:443)
	at org.testng.internal.Invoker.invokeConfigurations(Invoker.java:160)
	at org.testng.internal.Invoker.invokeConfigurations(Invoker.java:90)
	at org.testng.SuiteRunner.privateRun(SuiteRunner.java:313)
	at org.testng.SuiteRunner.run(SuiteRunner.java:201)
	at org.testng.TestNG.createAndRunSuiteRunners(TestNG.java:915)
	at org.testng.TestNG.runSuitesLocally(TestNG.java:879)
	at org.testng.TestNG.run(TestNG.java:787)
	at org.testng.remote.RemoteTestNG.run(RemoteTestNG.java:75)
	at org.testng.remote.RemoteTestNG.main(RemoteTestNG.java:127)
]]>
            </full-stacktrace>
          </exception>
        </test-method>
      </class>
    </test>
    <test name="JumpToPortalPageFromBasicSearchTest">
      <class name="k12.JumpToPortalPageFromBasicSearchTest">
        <test-method status="PASS" signature="startBrowserSession()" name="startBrowserSession" is-config="true" duration-ms="5557" started-at="2010-04-29T16:38:33Z" finished-at="2010-04-29T16:38:38Z">
        </test-method>
        <test-method status="PASS" signature="setUp(java.lang.String)" name="setUp" is-config="true" duration-ms="7913" started-at="2010-04-29T16:38:38Z" depends-on-methods="k12.BaseWebPageTest.startBrowserSession" finished-at="2010-04-29T16:38:46Z">
          <params>
            <param index="0">
              <value>
                <![CDATA[contraception]]>
              </value>
            </param>
          </params>
        </test-method>
        <test-method status="PASS" signature="verifyNavigationByEnteringTopic(java.lang.String)" name="verifyNavigationByEnteringTopic" duration-ms="5198" started-at="2010-04-29T16:38:46Z" finished-at="2010-04-29T16:38:51Z">
          <params>
            <param index="0">
              <value>
                <![CDATA[contraception]]>
              </value>
            </param>
          </params>
        </test-method>
        <test-method status="PASS" signature="verifyNavigationByEnteringNonTopicSearchTerm(java.lang.String)" name="verifyNavigationByEnteringNonTopicSearchTerm" duration-ms="7071" started-at="2010-04-29T16:38:51Z" depends-on-methods="k12.JumpToPortalPageFromBasicSearchTest.verifyNavigationByEnteringTopic" finished-at="2010-04-29T16:38:58Z">
          <params>
            <param index="0">
              <value>
                <![CDATA[adoption]]>
              </value>
            </param>
          </params>
        </test-method>
        <test-method status="PASS" signature="verifyTopicRelatedPage(java.lang.String)" name="verifyTopicRelatedPage" duration-ms="5759" started-at="2010-04-29T16:38:58Z" depends-on-methods="k12.JumpToPortalPageFromBasicSearchTest.verifyNavigationByEnteringNonTopicSearchTerm" finished-at="2010-04-29T16:39:04Z">
          <params>
            <param index="0">
              <value>
                <![CDATA[contraception]]>
              </value>
            </param>
          </params>
        </test-method>
      </class>
    </test>
    <test name="SearchWithinResultsTest">
      <class name="k12.SearchWithinResultsTest">
        <test-method status="PASS" signature="startBrowserSession()" name="startBrowserSession" is-config="true" duration-ms="5572" started-at="2010-04-29T16:48:37Z" finished-at="2010-04-29T16:48:42Z">
        </test-method>
        <test-method status="PASS" signature="setUp(java.lang.String)" name="setUp" is-config="true" duration-ms="6290" started-at="2010-04-29T16:48:42Z" depends-on-methods="k12.BaseWebPageTest.startBrowserSession" finished-at="2010-04-29T16:48:48Z">
          <params>
            <param index="0">
              <value>
                <![CDATA[war]]>
              </value>
            </param>
          </params>
        </test-method>
        <test-method status="PASS" signature="verifySearchBoxInSidebarInViewAllPage(java.lang.String)" name="verifySearchBoxInSidebarInViewAllPage" duration-ms="15343" started-at="2010-04-29T16:48:48Z" finished-at="2010-04-29T16:49:04Z">
          <params>
            <param index="0">
              <value>
                <![CDATA[war]]>
              </value>
            </param>
          </params>
        </test-method>
        <test-method status="PASS" signature="canUserEnterDataInSearchBox(java.lang.String)" name="canUserEnterDataInSearchBox" duration-ms="15515" started-at="2010-04-29T16:49:04Z" depends-on-methods="k12.SearchWithinResultsTest.verifySearchBoxInSidebarInViewAllPage" finished-at="2010-04-29T16:49:19Z">
          <params>
            <param index="0">
              <value>
                <![CDATA[war]]>
              </value>
            </param>
          </params>
        </test-method>
        <test-method status="FAIL" signature="verifyFullTextOnSearchTermsDisplayed(java.lang.String)" name="verifyFullTextOnSearchTermsDisplayed" duration-ms="26721" started-at="2010-04-29T16:49:19Z" depends-on-methods="k12.SearchWithinResultsTest.canUserEnterDataInSearchBox" finished-at="2010-04-29T16:49:46Z">
          <params>
            <param index="0">
              <value>
                <![CDATA[war]]>
              </value>
            </param>
          </params>
          <exception class="com.thoughtworks.selenium.SeleniumException">
            <message>
              <![CDATA[ERROR: Element //div[@class='result_count']/span[@class='total_results'] not found]]>
            </message>
            <full-stacktrace>
              <![CDATA[com.thoughtworks.selenium.SeleniumException: ERROR: Element //div[@class='result_count']/span[@class='total_results'] not found
	at com.thoughtworks.selenium.HttpCommandProcessor.throwAssertionFailureExceptionOrError(HttpCommandProcessor.java:97)
	at com.thoughtworks.selenium.HttpCommandProcessor.doCommand(HttpCommandProcessor.java:91)
	at com.thoughtworks.selenium.HttpCommandProcessor.getString(HttpCommandProcessor.java:262)
	at com.thoughtworks.selenium.DefaultSelenium.getText(DefaultSelenium.java:427)
	at webPageElements4Testing.TextLabel.getLabelText(TextLabel.java:13)
	at webPageContainers4Testing.SearchWithinResults.verifyFullTextOnSearchTermsDisplayed(SearchWithinResults.java:34)
	at k12.SearchWithinResultsTest.verifyFullTextOnSearchTermsDisplayed(SearchWithinResultsTest.java:37)
	at sun.reflect.NativeMethodAccessorImpl.invoke0(Native Method)
	at sun.reflect.NativeMethodAccessorImpl.invoke(NativeMethodAccessorImpl.java:39)
	at sun.reflect.DelegatingMethodAccessorImpl.invoke(DelegatingMethodAccessorImpl.java:25)
	at java.lang.reflect.Method.invoke(Method.java:597)
	at org.testng.internal.MethodHelper.invokeMethod(MethodHelper.java:644)
	at org.testng.internal.Invoker.invokeMethod(Invoker.java:546)
	at org.testng.internal.Invoker.invokeTestMethod(Invoker.java:700)
	at org.testng.internal.Invoker.invokeTestMethods(Invoker.java:1002)
	at org.testng.internal.TestMethodWorker.invokeTestMethods(TestMethodWorker.java:137)
	at org.testng.internal.TestMethodWorker.run(TestMethodWorker.java:121)
	at org.testng.TestRunner.runWorkers(TestRunner.java:908)
	at org.testng.TestRunner.privateRun(TestRunner.java:617)
	at org.testng.TestRunner.run(TestRunner.java:498)
	at org.testng.SuiteRunner.runTest(SuiteRunner.java:329)
	at org.testng.SuiteRunner.runSequentially(SuiteRunner.java:324)
	at org.testng.SuiteRunner.privateRun(SuiteRunner.java:296)
	at org.testng.SuiteRunner.run(SuiteRunner.java:201)
	at org.testng.TestNG.createAndRunSuiteRunners(TestNG.java:915)
	at org.testng.TestNG.runSuitesLocally(TestNG.java:879)
	at org.testng.TestNG.run(TestNG.java:787)
	at org.testng.remote.RemoteTestNG.run(RemoteTestNG.java:75)
	at org.testng.remote.RemoteTestNG.main(RemoteTestNG.java:127)
]]>
            </full-stacktrace>
          </exception>
        </test-method>
        <test-method status="SKIP" signature="verifyUserInViewAllAfterResultsSearch(java.lang.String)" name="verifyUserInViewAllAfterResultsSearch" duration-ms="0" started-at="2010-04-29T16:49:46Z" depends-on-methods="k12.SearchWithinResultsTest.verifyFullTextOnSearchTermsDisplayed" finished-at="2010-04-29T16:49:46Z">
        </test-method>
        <test-method status="SKIP" signature="verifyHitcountAfterLimitingResults(java.lang.String)" name="verifyHitcountAfterLimitingResults" duration-ms="0" started-at="2010-04-29T16:49:46Z" depends-on-methods="k12.SearchWithinResultsTest.verifySearchOptionForOtherTabs" finished-at="2010-04-29T16:49:46Z">
        </test-method>
        <test-method status="SKIP" signature="verifySearchOptionForOtherTabs(java.lang.String)" name="verifySearchOptionForOtherTabs" duration-ms="0" started-at="2010-04-29T16:49:46Z" depends-on-methods="k12.SearchWithinResultsTest.verifyUserInViewAllAfterResultsSearch" finished-at="2010-04-29T16:49:46Z">
        </test-method>
        <test-method status="SKIP" signature="verifyLimiterModifiedByWithinSearch(java.lang.String)" name="verifyLimiterModifiedByWithinSearch" duration-ms="0" started-at="2010-04-29T16:49:46Z" depends-on-methods="k12.SearchWithinResultsTest.verifyHitcountAfterLimitingResults" finished-at="2010-04-29T16:49:46Z">
        </test-method>
        <test-method status="SKIP" signature="verifySearchLimitedAcrossOtherTabs(java.lang.String)" name="verifySearchLimitedAcrossOtherTabs" duration-ms="0" started-at="2010-04-29T16:49:46Z" depends-on-methods="k12.SearchWithinResultsTest.verifyHitcountAfterLimitingResults" finished-at="2010-04-29T16:49:46Z">
        </test-method>
      </class>
    </test>
    <test name="TextDocumentTranslateText">
      <class name="k12.TextDocumentTranslateText">
        <test-method status="PASS" signature="startBrowserSession()" name="startBrowserSession" is-config="true" duration-ms="5276" started-at="2010-04-29T16:51:00Z" finished-at="2010-04-29T16:51:06Z">
        </test-method>
        <test-method status="PASS" signature="setUp(java.lang.String)" name="setUp" is-config="true" duration-ms="6524" started-at="2010-04-29T16:51:06Z" depends-on-methods="k12.BaseWebPageTest.startBrowserSession" finished-at="2010-04-29T16:51:12Z">
          <params>
            <param index="0">
              <value>
                <![CDATA[Emphasis on Diversity]]>
              </value>
            </param>
          </params>
        </test-method>
        <test-method status="FAIL" signature="verifyTitleOfTranslatedDocument()" name="verifyTitleOfTranslatedDocument" duration-ms="1412043" started-at="2010-04-29T16:51:12Z" finished-at="2010-04-29T17:14:44Z">
          <exception class="com.thoughtworks.selenium.SeleniumException">
            <message>
              <![CDATA[ERROR: Command execution failure. Please search the forum at http://clearspace.openqa.org for error details from the log window.  The error message is: ]]>
            </message>
            <full-stacktrace>
              <![CDATA[com.thoughtworks.selenium.SeleniumException: ERROR: Command execution failure. Please search the forum at http://clearspace.openqa.org for error details from the log window.  The error message is: 
	at com.thoughtworks.selenium.HttpCommandProcessor.throwAssertionFailureExceptionOrError(HttpCommandProcessor.java:97)
	at com.thoughtworks.selenium.HttpCommandProcessor.doCommand(HttpCommandProcessor.java:91)
	at com.thoughtworks.selenium.DefaultSelenium.click(DefaultSelenium.java:167)
	at webPageElements4Testing.PageButton.click(PageButton.java:18)
	at webPageContainers4Testing.TextDocumentTranslate.verifyTitleOfTranslatedDocument(TextDocumentTranslate.java:21)
	at k12.TextDocumentTranslateText.verifyTitleOfTranslatedDocument(TextDocumentTranslateText.java:25)
	at sun.reflect.NativeMethodAccessorImpl.invoke0(Native Method)
	at sun.reflect.NativeMethodAccessorImpl.invoke(NativeMethodAccessorImpl.java:39)
	at sun.reflect.DelegatingMethodAccessorImpl.invoke(DelegatingMethodAccessorImpl.java:25)
	at java.lang.reflect.Method.invoke(Method.java:597)
	at org.testng.internal.MethodHelper.invokeMethod(MethodHelper.java:644)
	at org.testng.internal.Invoker.invokeMethod(Invoker.java:546)
	at org.testng.internal.Invoker.invokeTestMethod(Invoker.java:700)
	at org.testng.internal.Invoker.invokeTestMethods(Invoker.java:1002)
	at org.testng.internal.TestMethodWorker.invokeTestMethods(TestMethodWorker.java:137)
	at org.testng.internal.TestMethodWorker.run(TestMethodWorker.java:121)
	at org.testng.TestRunner.runWorkers(TestRunner.java:908)
	at org.testng.TestRunner.privateRun(TestRunner.java:617)
	at org.testng.TestRunner.run(TestRunner.java:498)
	at org.testng.SuiteRunner.runTest(SuiteRunner.java:329)
	at org.testng.SuiteRunner.runSequentially(SuiteRunner.java:324)
	at org.testng.SuiteRunner.privateRun(SuiteRunner.java:296)
	at org.testng.SuiteRunner.run(SuiteRunner.java:201)
	at org.testng.TestNG.createAndRunSuiteRunners(TestNG.java:915)
	at org.testng.TestNG.runSuitesLocally(TestNG.java:879)
	at org.testng.TestNG.run(TestNG.java:787)
	at org.testng.remote.RemoteTestNG.run(RemoteTestNG.java:75)
	at org.testng.remote.RemoteTestNG.main(RemoteTestNG.java:127)
]]>
            </full-stacktrace>
          </exception>
        </test-method>
        <test-method status="SKIP" signature="verifyWordsToKnowAvailable()" name="verifyWordsToKnowAvailable" duration-ms="0" started-at="2010-04-29T17:14:44Z" depends-on-methods="k12.TextDocumentTranslateText.verifyTitleOfTranslatedDocument" finished-at="2010-04-29T17:14:44Z">
        </test-method>
        <test-method status="SKIP" signature="verifyCitationIsPresent()" name="verifyCitationIsPresent" duration-ms="0" started-at="2010-04-29T17:14:44Z" depends-on-methods="k12.TextDocumentTranslateText.verifyWordsToKnowAvailable" finished-at="2010-04-29T17:14:44Z">
        </test-method>
        <test-method status="SKIP" signature="verifyNoreadSpeakerLinksPresent()" name="verifyNoreadSpeakerLinksPresent" duration-ms="0" started-at="2010-04-29T17:14:44Z" depends-on-methods="k12.TextDocumentTranslateText.verifyDisclaimerIsPresent" finished-at="2010-04-29T17:14:44Z">
        </test-method>
        <test-method status="SKIP" signature="verifyGaleDocumentNoIsPresent()" name="verifyGaleDocumentNoIsPresent" duration-ms="0" started-at="2010-04-29T17:14:44Z" depends-on-methods="k12.TextDocumentTranslateText.verifyCitationIsPresent" finished-at="2010-04-29T17:14:44Z">
        </test-method>
        <test-method status="SKIP" signature="verifyDisclaimerIsPresent()" name="verifyDisclaimerIsPresent" duration-ms="0" started-at="2010-04-29T17:14:44Z" depends-on-methods="k12.TextDocumentTranslateText.verifyGaleDocumentNoIsPresent" finished-at="2010-04-29T17:14:44Z">
        </test-method>
      </class>
    </test>
    <test name="LoginTest">
      <class name="k12.LoginTest">
        <test-method status="PASS" signature="startBrowserSession()" name="startBrowserSession" is-config="true" duration-ms="16282" started-at="2010-04-29T16:28:12Z" finished-at="2010-04-29T16:28:28Z">
        </test-method>
        <test-method status="PASS" signature="setUp()" name="setUp" is-config="true" duration-ms="78" started-at="2010-04-29T16:28:28Z" depends-on-methods="k12.BaseWebPageTest.startBrowserSession" finished-at="2010-04-29T16:28:28Z">
        </test-method>
        <test-method status="PASS" signature="basicSearchBoxIsDisplayedInHomePage(java.lang.String, java.lang.String)" name="basicSearchBoxIsDisplayedInHomePage" duration-ms="281" started-at="2010-04-29T16:28:28Z" finished-at="2010-04-29T16:28:28Z">
          <params>
            <param index="0">
              <value>
                <![CDATA[dmusz]]>
              </value>
            </param>
            <param index="1">
              <value>
                <![CDATA[dmusz]]>
              </value>
            </param>
          </params>
        </test-method>
      </class>
    </test>
    <test name="HitcountAndSortingDocumentsRelatedSubjectsTest">
      <class name="k12.HitcountAndSortingDocumentsRelatedSubjectsTest">
        <test-method status="PASS" signature="startBrowserSession()" name="startBrowserSession" is-config="true" duration-ms="6713" started-at="2010-04-29T16:31:36Z" finished-at="2010-04-29T16:31:43Z">
        </test-method>
        <test-method status="PASS" signature="setUp(java.lang.String)" name="setUp" is-config="true" duration-ms="6057" started-at="2010-04-29T16:31:43Z" depends-on-methods="k12.BaseWebPageTest.startBrowserSession" finished-at="2010-04-29T16:31:49Z">
          <params>
            <param index="0">
              <value>
                <![CDATA[clever]]>
              </value>
            </param>
          </params>
        </test-method>
        <test-method status="PASS" signature="verifyQuickSearchSidebarisPresent(java.lang.String)" name="verifyQuickSearchSidebarisPresent" duration-ms="19794" started-at="2010-04-29T16:31:49Z" finished-at="2010-04-29T16:32:08Z">
          <params>
            <param index="0">
              <value>
                <![CDATA[clever]]>
              </value>
            </param>
          </params>
        </test-method>
        <test-method status="PASS" signature="verifyHitcountForAllDisplayGroups(java.lang.String)" name="verifyHitcountForAllDisplayGroups" duration-ms="19217" started-at="2010-04-29T16:32:08Z" depends-on-methods="k12.HitcountAndSortingDocumentsRelatedSubjectsTest.verifyQuickSearchSidebarisPresent" finished-at="2010-04-29T16:32:28Z">
          <params>
            <param index="0">
              <value>
                <![CDATA[clever]]>
              </value>
            </param>
          </params>
        </test-method>
        <test-method status="PASS" signature="verifyOnlyFiveLinksDisplayedInRelatedResults(java.lang.String)" name="verifyOnlyFiveLinksDisplayedInRelatedResults" duration-ms="24899" started-at="2010-04-29T16:32:28Z" depends-on-methods="k12.HitcountAndSortingDocumentsRelatedSubjectsTest.verifyHitcountForAllDisplayGroups" finished-at="2010-04-29T16:32:53Z">
          <params>
            <param index="0">
              <value>
                <![CDATA[clever]]>
              </value>
            </param>
          </params>
        </test-method>
        <test-method status="PASS" signature="verifyMoreLinkForMoreThanFiveResults(java.lang.String)" name="verifyMoreLinkForMoreThanFiveResults" duration-ms="21308" started-at="2010-04-29T16:32:53Z" depends-on-methods="k12.HitcountAndSortingDocumentsRelatedSubjectsTest.verifyOnlyFiveLinksDisplayedInRelatedResults" finished-at="2010-04-29T16:33:14Z">
          <params>
            <param index="0">
              <value>
                <![CDATA[clever]]>
              </value>
            </param>
          </params>
        </test-method>
        <test-method status="PASS" signature="verifyAccesibilityOfMoreLink(java.lang.String)" name="verifyAccesibilityOfMoreLink" duration-ms="20853" started-at="2010-04-29T16:33:14Z" depends-on-methods="k12.HitcountAndSortingDocumentsRelatedSubjectsTest.verifyMoreLinkForMoreThanFiveResults" finished-at="2010-04-29T16:33:35Z">
          <params>
            <param index="0">
              <value>
                <![CDATA[clever]]>
              </value>
            </param>
          </params>
        </test-method>
        <test-method status="PASS" signature="verifyDescendingAfterLessLink(java.lang.String)" name="verifyDescendingAfterLessLink" duration-ms="41910" started-at="2010-04-29T16:33:35Z" depends-on-methods="k12.HitcountAndSortingDocumentsRelatedSubjectsTest.verifyAccesibilityOfMoreLink" finished-at="2010-04-29T16:34:17Z">
          <params>
            <param index="0">
              <value>
                <![CDATA[clever]]>
              </value>
            </param>
          </params>
        </test-method>
        <test-method status="PASS" signature="verifySortingOrderAfterClickingMore(java.lang.String)" name="verifySortingOrderAfterClickingMore" duration-ms="21790" started-at="2010-04-29T16:34:17Z" depends-on-methods="k12.HitcountAndSortingDocumentsRelatedSubjectsTest.verifyAccesibilityOfMoreLink" finished-at="2010-04-29T16:34:38Z">
          <params>
            <param index="0">
              <value>
                <![CDATA[clever]]>
              </value>
            </param>
          </params>
        </test-method>
        <test-method status="PASS" signature="verifyFunctionalityOfLessLink(java.lang.String)" name="verifyFunctionalityOfLessLink" duration-ms="23335" started-at="2010-04-29T16:34:38Z" depends-on-methods="k12.HitcountAndSortingDocumentsRelatedSubjectsTest.verifySortingOrderAfterClickingMore" finished-at="2010-04-29T16:35:02Z">
          <params>
            <param index="0">
              <value>
                <![CDATA[clever]]>
              </value>
            </param>
          </params>
        </test-method>
        <test-method status="PASS" signature="verifySortingOfRelatedSubjectTerms(java.lang.String)" name="verifySortingOfRelatedSubjectTerms" duration-ms="20261" started-at="2010-04-29T16:35:02Z" depends-on-methods="k12.HitcountAndSortingDocumentsRelatedSubjectsTest.verifyFunctionalityOfLessLink" finished-at="2010-04-29T16:35:22Z">
          <params>
            <param index="0">
              <value>
                <![CDATA[clever]]>
              </value>
            </param>
          </params>
        </test-method>
        <test-method status="PASS" signature="verifyNavigationthroughRelatedSubjectTerm(java.lang.String)" name="verifyNavigationthroughRelatedSubjectTerm" duration-ms="27799" started-at="2010-04-29T16:35:22Z" depends-on-methods="k12.HitcountAndSortingDocumentsRelatedSubjectsTest.verifySortingOfRelatedSubjectTerms" finished-at="2010-04-29T16:35:50Z">
          <params>
            <param index="0">
              <value>
                <![CDATA[clever]]>
              </value>
            </param>
          </params>
        </test-method>
        <test-method status="PASS" signature="verifyHitcountByaddingAllDispalyGroups(java.lang.String)" name="verifyHitcountByaddingAllDispalyGroups" duration-ms="27034" started-at="2010-04-29T16:35:50Z" depends-on-methods="k12.HitcountAndSortingDocumentsRelatedSubjectsTest.verifyNavigationthroughRelatedSubjectTerm" finished-at="2010-04-29T16:36:17Z">
          <params>
            <param index="0">
              <value>
                <![CDATA[clever]]>
              </value>
            </param>
          </params>
        </test-method>
        <test-method status="PASS" signature="verifyViewingOtherSubjectsByNavigation(java.lang.String)" name="verifyViewingOtherSubjectsByNavigation" duration-ms="26113" started-at="2010-04-29T16:36:17Z" depends-on-methods="k12.HitcountAndSortingDocumentsRelatedSubjectsTest.verifyNavigationthroughRelatedSubjectTerm" finished-at="2010-04-29T16:36:43Z">
          <params>
            <param index="0">
              <value>
                <![CDATA[clever]]>
              </value>
            </param>
          </params>
        </test-method>
        <test-method status="PASS" signature="verifyNoMoreLinkForLessThanFiveResults(java.lang.String)" name="verifyNoMoreLinkForLessThanFiveResults" duration-ms="19495" started-at="2010-04-29T16:36:43Z" depends-on-methods="k12.HitcountAndSortingDocumentsRelatedSubjectsTest.verifyViewingOtherSubjectsByNavigation" finished-at="2010-04-29T16:37:02Z">
          <params>
            <param index="0">
              <value>
                <![CDATA[clever]]>
              </value>
            </param>
          </params>
        </test-method>
      </class>
    </test>
    <test name="IntegrateWebsitesFavIconsOnViewAllPageTest">
      <class name="k12.IntegrateWebsitesFavIconsOnViewAllPageTest">
        <test-method status="PASS" signature="startBrowserSession()" name="startBrowserSession" is-config="true" duration-ms="6618" started-at="2010-04-29T16:39:04Z" finished-at="2010-04-29T16:39:11Z">
        </test-method>
        <test-method status="PASS" signature="setUp(java.lang.String)" name="setUp" is-config="true" duration-ms="8273" started-at="2010-04-29T16:39:11Z" depends-on-methods="k12.BaseWebPageTest.startBrowserSession" finished-at="2010-04-29T16:39:19Z">
          <params>
            <param index="0">
              <value>
                <![CDATA[war]]>
              </value>
            </param>
          </params>
        </test-method>
        <test-method status="PASS" signature="verifyfaviconsOnViewAllPage(java.lang.String)" name="verifyfaviconsOnViewAllPage" duration-ms="16623" started-at="2010-04-29T16:39:19Z" finished-at="2010-04-29T16:39:36Z">
          <params>
            <param index="0">
              <value>
                <![CDATA[war]]>
              </value>
            </param>
          </params>
        </test-method>
        <test-method status="PASS" signature="verifyfaviconsNotPresentInSearchResultsPage(java.lang.String)" name="verifyfaviconsNotPresentInSearchResultsPage" duration-ms="8241" started-at="2010-04-29T16:39:36Z" depends-on-methods="k12.IntegrateWebsitesFavIconsOnViewAllPageTest.verifyfaviconsOnViewAllPage" finished-at="2010-04-29T16:39:44Z">
          <params>
            <param index="0">
              <value>
                <![CDATA[war]]>
              </value>
            </param>
          </params>
        </test-method>
        <test-method status="PASS" signature="verifyFavIconsForAllDisplayGroupsinViewAllpage(java.lang.String)" name="verifyFavIconsForAllDisplayGroupsinViewAllpage" duration-ms="35759" started-at="2010-04-29T16:39:44Z" depends-on-methods="k12.IntegrateWebsitesFavIconsOnViewAllPageTest.verifyfaviconsNotPresentInSearchResultsPage" finished-at="2010-04-29T16:40:20Z">
          <params>
            <param index="0">
              <value>
                <![CDATA[war]]>
              </value>
            </param>
          </params>
        </test-method>
        <test-method status="PASS" signature="verifyFaviconsOnLeftsideOfRecord(java.lang.String)" name="verifyFaviconsOnLeftsideOfRecord" duration-ms="17513" started-at="2010-04-29T16:40:20Z" depends-on-methods="k12.IntegrateWebsitesFavIconsOnViewAllPageTest.verifyFavIconsForAllDisplayGroupsinViewAllpage" finished-at="2010-04-29T16:40:37Z">
          <params>
            <param index="0">
              <value>
                <![CDATA[war]]>
              </value>
            </param>
          </params>
        </test-method>
        <test-method status="PASS" signature="verifyDisplayOfGenericIcon(java.lang.String)" name="verifyDisplayOfGenericIcon" duration-ms="16544" started-at="2010-04-29T16:40:37Z" depends-on-methods="k12.IntegrateWebsitesFavIconsOnViewAllPageTest.verifyFaviconsOnLeftsideOfRecord" finished-at="2010-04-29T16:40:54Z">
          <params>
            <param index="0">
              <value>
                <![CDATA[war]]>
              </value>
            </param>
          </params>
        </test-method>
      </class>
    </test>
    <test name="ViewTopicportalPageWithAllPortalsTest">
      <class name="k12.ViewTopicportalPageWithAllPortalsTest">
        <test-method status="PASS" signature="startBrowserSession()" name="startBrowserSession" is-config="true" duration-ms="5088" started-at="2010-04-29T16:49:46Z" finished-at="2010-04-29T16:49:51Z">
        </test-method>
        <test-method status="PASS" signature="setUp(java.lang.String)" name="setUp" is-config="true" duration-ms="6446" started-at="2010-04-29T16:49:51Z" depends-on-methods="k12.BaseWebPageTest.startBrowserSession" finished-at="2010-04-29T16:49:58Z">
          <params>
            <param index="0">
              <value>
                <![CDATA[adoption]]>
              </value>
            </param>
          </params>
        </test-method>
        <test-method status="PASS" signature="verifyUserisInportalPageAfterclickingTopic(java.lang.String)" name="verifyUserisInportalPageAfterclickingTopic" duration-ms="7211" started-at="2010-04-29T16:49:58Z" finished-at="2010-04-29T16:50:05Z">
          <params>
            <param index="0">
              <value>
                <![CDATA[adoption]]>
              </value>
            </param>
          </params>
        </test-method>
        <test-method status="PASS" signature="verifyPortletsInPortalPage(java.lang.String)" name="verifyPortletsInPortalPage" duration-ms="11425" started-at="2010-04-29T16:50:05Z" depends-on-methods="k12.ViewTopicportalPageWithAllPortalsTest.verifyUserisInportalPageAfterclickingTopic" finished-at="2010-04-29T16:50:16Z">
          <params>
            <param index="0">
              <value>
                <![CDATA[adoption]]>
              </value>
            </param>
          </params>
        </test-method>
        <test-method status="PASS" signature="verifyPageforKeywordNotHavingPortalPage(java.lang.String)" name="verifyPageforKeywordNotHavingPortalPage" duration-ms="6868" started-at="2010-04-29T16:50:16Z" depends-on-methods="k12.ViewTopicportalPageWithAllPortalsTest.verifyPortletsInPortalPage" finished-at="2010-04-29T16:50:23Z">
          <params>
            <param index="0">
              <value>
                <![CDATA[adoption]]>
              </value>
            </param>
          </params>
        </test-method>
        <test-method status="PASS" signature="verifyPortletsFromOceanServices(java.lang.String)" name="verifyPortletsFromOceanServices" duration-ms="6477" started-at="2010-04-29T16:50:23Z" depends-on-methods="k12.ViewTopicportalPageWithAllPortalsTest.verifyPageforKeywordNotHavingPortalPage" finished-at="2010-04-29T16:50:30Z">
          <params>
            <param index="0">
              <value>
                <![CDATA[adoption]]>
              </value>
            </param>
          </params>
        </test-method>
        <test-method status="PASS" signature="verifyDifferentMethodsForNavigationToPortalPage(java.lang.String)" name="verifyDifferentMethodsForNavigationToPortalPage" duration-ms="17621" started-at="2010-04-29T16:50:30Z" depends-on-methods="k12.ViewTopicportalPageWithAllPortalsTest.verifyPortletsFromOceanServices" finished-at="2010-04-29T16:50:47Z">
          <params>
            <param index="0">
              <value>
                <![CDATA[adoption]]>
              </value>
            </param>
          </params>
        </test-method>
        <test-method status="PASS" signature="verifyBasicSearchOptionFromPortalPage(java.lang.String)" name="verifyBasicSearchOptionFromPortalPage" duration-ms="6212" started-at="2010-04-29T16:50:47Z" depends-on-methods="k12.ViewTopicportalPageWithAllPortalsTest.verifyDifferentMethodsForNavigationToPortalPage" finished-at="2010-04-29T16:50:53Z">
          <params>
            <param index="0">
              <value>
                <![CDATA[adoption]]>
              </value>
            </param>
          </params>
        </test-method>
        <test-method status="FAIL" signature="verifyBreadcrumb(java.lang.String)" name="verifyBreadcrumb" duration-ms="6742" started-at="2010-04-29T16:50:53Z" depends-on-methods="k12.ViewTopicportalPageWithAllPortalsTest.verifyBasicSearchOptionFromPortalPage" finished-at="2010-04-29T16:51:00Z">
          <params>
            <param index="0">
              <value>
                <![CDATA[adoption]]>
              </value>
            </param>
          </params>
          <exception class="com.thoughtworks.selenium.SeleniumException">
            <message>
              <![CDATA[ERROR: Element //div[@id='breadcrumb_container']/ul/li/a not found]]>
            </message>
            <full-stacktrace>
              <![CDATA[com.thoughtworks.selenium.SeleniumException: ERROR: Element //div[@id='breadcrumb_container']/ul/li/a not found
	at com.thoughtworks.selenium.HttpCommandProcessor.throwAssertionFailureExceptionOrError(HttpCommandProcessor.java:97)
	at com.thoughtworks.selenium.HttpCommandProcessor.doCommand(HttpCommandProcessor.java:91)
	at com.thoughtworks.selenium.HttpCommandProcessor.getString(HttpCommandProcessor.java:262)
	at com.thoughtworks.selenium.DefaultSelenium.getText(DefaultSelenium.java:427)
	at webPageElements4Testing.TextLabel.getLabelText(TextLabel.java:13)
	at webPageContainers4Testing.ViewTopicportalPageWithAllPortals.verifyBreadcrumb(ViewTopicportalPageWithAllPortals.java:70)
	at k12.ViewTopicportalPageWithAllPortalsTest.verifyBreadcrumb(ViewTopicportalPageWithAllPortalsTest.java:63)
	at sun.reflect.NativeMethodAccessorImpl.invoke0(Native Method)
	at sun.reflect.NativeMethodAccessorImpl.invoke(NativeMethodAccessorImpl.java:39)
	at sun.reflect.DelegatingMethodAccessorImpl.invoke(DelegatingMethodAccessorImpl.java:25)
	at java.lang.reflect.Method.invoke(Method.java:597)
	at org.testng.internal.MethodHelper.invokeMethod(MethodHelper.java:644)
	at org.testng.internal.Invoker.invokeMethod(Invoker.java:546)
	at org.testng.internal.Invoker.invokeTestMethod(Invoker.java:700)
	at org.testng.internal.Invoker.invokeTestMethods(Invoker.java:1002)
	at org.testng.internal.TestMethodWorker.invokeTestMethods(TestMethodWorker.java:137)
	at org.testng.internal.TestMethodWorker.run(TestMethodWorker.java:121)
	at org.testng.TestRunner.runWorkers(TestRunner.java:908)
	at org.testng.TestRunner.privateRun(TestRunner.java:617)
	at org.testng.TestRunner.run(TestRunner.java:498)
	at org.testng.SuiteRunner.runTest(SuiteRunner.java:329)
	at org.testng.SuiteRunner.runSequentially(SuiteRunner.java:324)
	at org.testng.SuiteRunner.privateRun(SuiteRunner.java:296)
	at org.testng.SuiteRunner.run(SuiteRunner.java:201)
	at org.testng.TestNG.createAndRunSuiteRunners(TestNG.java:915)
	at org.testng.TestNG.runSuitesLocally(TestNG.java:879)
	at org.testng.TestNG.run(TestNG.java:787)
	at org.testng.remote.RemoteTestNG.run(RemoteTestNG.java:75)
	at org.testng.remote.RemoteTestNG.main(RemoteTestNG.java:127)
]]>
            </full-stacktrace>
          </exception>
        </test-method>
      </class>
    </test>
    <test name="LinkToRelatedSubjects">
      <class name="k12.LinkToRelatedSubjectTest">
        <test-method status="PASS" signature="startBrowserSession()" name="startBrowserSession" is-config="true" duration-ms="6619" started-at="2010-04-29T16:28:28Z" finished-at="2010-04-29T16:28:35Z">
        </test-method>
        <test-method status="PASS" signature="setUp(java.lang.String)" name="setUp" is-config="true" duration-ms="31" started-at="2010-04-29T16:28:35Z" depends-on-methods="k12.BaseWebPageTest.startBrowserSession" finished-at="2010-04-29T16:28:35Z">
          <params>
            <param index="0">
              <value>
                <![CDATA[war]]>
              </value>
            </param>
          </params>
        </test-method>
        <test-method status="PASS" signature="verifyIntegrateRelatedTopicsPresent(java.lang.String)" name="verifyIntegrateRelatedTopicsPresent" duration-ms="17047" started-at="2010-04-29T16:28:35Z" finished-at="2010-04-29T16:28:52Z">
          <params>
            <param index="0">
              <value>
                <![CDATA[war]]>
              </value>
            </param>
          </params>
        </test-method>
        <test-method status="PASS" signature="verifyTermsDisplayedInRelatedTopics(java.lang.String)" name="verifyTermsDisplayedInRelatedTopics" duration-ms="12317" started-at="2010-04-29T16:28:52Z" depends-on-methods="k12.LinkToRelatedSubjectTest.verifyIntegrateRelatedTopicsPresent" finished-at="2010-04-29T16:29:04Z">
          <params>
            <param index="0">
              <value>
                <![CDATA[war]]>
              </value>
            </param>
          </params>
        </test-method>
        <test-method status="PASS" signature="verifyRelatedTopicsFromViewAll(java.lang.String)" name="verifyRelatedTopicsFromViewAll" duration-ms="22089" started-at="2010-04-29T16:29:04Z" depends-on-methods="k12.LinkToRelatedSubjectTest.verifyTermsDisplayedInRelatedTopics" finished-at="2010-04-29T16:29:27Z">
          <params>
            <param index="0">
              <value>
                <![CDATA[war]]>
              </value>
            </param>
          </params>
        </test-method>
        <test-method status="PASS" signature="verifyPageNavigationByClickingSubjects(java.lang.String)" name="verifyPageNavigationByClickingSubjects" duration-ms="19013" started-at="2010-04-29T16:29:27Z" depends-on-methods="k12.LinkToRelatedSubjectTest.verifyRelatedTopicsFromViewAll" finished-at="2010-04-29T16:29:46Z">
          <params>
            <param index="0">
              <value>
                <![CDATA[war]]>
              </value>
            </param>
          </params>
        </test-method>
      </class>
    </test>
    <test name="DisablePdfDownloadforImagesTest">
      <class name="k12.DisablePdfDownloadforImagesTest">
        <test-method status="PASS" signature="startBrowserSession()" name="startBrowserSession" is-config="true" duration-ms="5635" started-at="2010-04-29T16:44:17Z" finished-at="2010-04-29T16:44:23Z">
        </test-method>
        <test-method status="PASS" signature="setUp(java.lang.String)" name="setUp" is-config="true" duration-ms="7289" started-at="2010-04-29T16:44:23Z" depends-on-methods="k12.BaseWebPageTest.startBrowserSession" finished-at="2010-04-29T16:44:30Z">
          <params>
            <param index="0">
              <value>
                <![CDATA[war]]>
              </value>
            </param>
          </params>
        </test-method>
        <test-method status="PASS" signature="verifyDownloadOptionAvailableForImageStatisticAndWebsites(java.lang.String)" name="verifyDownloadOptionAvailableForImageStatisticAndWebsites" duration-ms="32855" started-at="2010-04-29T16:44:30Z" finished-at="2010-04-29T16:45:03Z">
          <params>
            <param index="0">
              <value>
                <![CDATA[war]]>
              </value>
            </param>
          </params>
        </test-method>
        <test-method status="PASS" signature="verify3optionsavailableForDownload(java.lang.String)" name="verify3optionsavailableForDownload" duration-ms="61808" started-at="2010-04-29T16:45:03Z" depends-on-methods="k12.DisablePdfDownloadforImagesTest.verifyDownloadOptionAvailableForImageStatisticAndWebsites" finished-at="2010-04-29T16:46:05Z">
          <params>
            <param index="0">
              <value>
                <![CDATA[war]]>
              </value>
            </param>
          </params>
        </test-method>
        <test-method status="PASS" signature="verifyPdfRadioButtonNotAvailable(java.lang.String)" name="verifyPdfRadioButtonNotAvailable" duration-ms="29718" started-at="2010-04-29T16:46:05Z" depends-on-methods="k12.DisablePdfDownloadforImagesTest.verify3optionsavailableForDownload" finished-at="2010-04-29T16:46:34Z">
          <params>
            <param index="0">
              <value>
                <![CDATA[war]]>
              </value>
            </param>
          </params>
        </test-method>
        <test-method status="PASS" signature="verifyPdfOptionFromKeyboard(java.lang.String)" name="verifyPdfOptionFromKeyboard" duration-ms="22055" started-at="2010-04-29T16:46:34Z" depends-on-methods="k12.DisablePdfDownloadforImagesTest.verifyPdfRadioButtonNotAvailable" finished-at="2010-04-29T16:46:57Z">
          <params>
            <param index="0">
              <value>
                <![CDATA[war]]>
              </value>
            </param>
          </params>
        </test-method>
        <test-method status="PASS" signature="verifyRadioButtonForallOtherDisplayGroups(java.lang.String)" name="verifyRadioButtonForallOtherDisplayGroups" duration-ms="37818" started-at="2010-04-29T16:46:57Z" depends-on-methods="k12.DisablePdfDownloadforImagesTest.verifyPdfOptionFromKeyboard" finished-at="2010-04-29T16:47:34Z">
          <params>
            <param index="0">
              <value>
                <![CDATA[war]]>
              </value>
            </param>
          </params>
        </test-method>
        <test-method status="PASS" signature="verifyPdfFunctionsForAllotherBuckets(java.lang.String)" name="verifyPdfFunctionsForAllotherBuckets" duration-ms="36304" started-at="2010-04-29T16:47:34Z" depends-on-methods="k12.DisablePdfDownloadforImagesTest.verifyRadioButtonForallOtherDisplayGroups" finished-at="2010-04-29T16:48:11Z">
          <params>
            <param index="0">
              <value>
                <![CDATA[war]]>
              </value>
            </param>
          </params>
        </test-method>
        <test-method status="PASS" signature="verifyPdfNotSelectableForImageStatisticsAndWebsite(java.lang.String)" name="verifyPdfNotSelectableForImageStatisticsAndWebsite" duration-ms="25769" started-at="2010-04-29T16:48:11Z" depends-on-methods="k12.DisablePdfDownloadforImagesTest.verifyPdfFunctionsForAllotherBuckets" finished-at="2010-04-29T16:48:36Z">
          <params>
            <param index="0">
              <value>
                <![CDATA[war]]>
              </value>
            </param>
          </params>
        </test-method>
      </class>
    </test>
  </suite>
</testng-results>
